{"/Users/mp/programming/cockpit-ng/frontend/src/hooks/use-api.ts": {"path":"/Users/mp/programming/cockpit-ng/frontend/src/hooks/use-api.ts","statementMap":{"0":{"start":{"line":11,"column":34},"end":{"line":11,"column":null}},"1":{"start":{"line":12,"column":46},"end":{"line":12,"column":null}},"2":{"start":{"line":15,"column":24},"end":{"line":15,"column":null}},"3":{"start":{"line":16,"column":8},"end":{"line":16,"column":null}},"4":{"start":{"line":19,"column":8},"end":{"line":19,"column":null}},"5":{"start":{"line":20,"column":8},"end":{"line":20,"column":null}},"6":{"start":{"line":21,"column":8},"end":{"line":21,"column":null}},"7":{"start":{"line":24,"column":2},"end":{"line":28,"column":null}},"8":{"start":{"line":25,"column":4},"end":{"line":25,"column":null}},"9":{"start":{"line":26,"column":4},"end":{"line":26,"column":null}},"10":{"start":{"line":27,"column":4},"end":{"line":27,"column":null}},"11":{"start":{"line":30,"column":8},"end":{"line":99,"column":null}},"12":{"start":{"line":31,"column":62},"end":{"line":31,"column":null}},"13":{"start":{"line":33,"column":51},"end":{"line":35,"column":null}},"14":{"start":{"line":38,"column":4},"end":{"line":40,"column":null}},"15":{"start":{"line":39,"column":6},"end":{"line":39,"column":null}},"16":{"start":{"line":43,"column":4},"end":{"line":45,"column":null}},"17":{"start":{"line":44,"column":6},"end":{"line":44,"column":null}},"18":{"start":{"line":47,"column":38},"end":{"line":50,"column":null}},"19":{"start":{"line":52,"column":4},"end":{"line":59,"column":null}},"20":{"start":{"line":53,"column":6},"end":{"line":58,"column":null}},"21":{"start":{"line":55,"column":8},"end":{"line":55,"column":null}},"22":{"start":{"line":57,"column":8},"end":{"line":57,"column":null}},"23":{"start":{"line":61,"column":21},"end":{"line":61,"column":null}},"24":{"start":{"line":63,"column":4},"end":{"line":90,"column":null}},"25":{"start":{"line":64,"column":24},"end":{"line":64,"column":null}},"26":{"start":{"line":67,"column":6},"end":{"line":75,"column":null}},"27":{"start":{"line":68,"column":8},"end":{"line":68,"column":null}},"28":{"start":{"line":70,"column":8},"end":{"line":72,"column":null}},"29":{"start":{"line":71,"column":10},"end":{"line":71,"column":null}},"30":{"start":{"line":74,"column":8},"end":{"line":74,"column":null}},"31":{"start":{"line":78,"column":6},"end":{"line":87,"column":null}},"32":{"start":{"line":79,"column":27},"end":{"line":79,"column":null}},"33":{"start":{"line":80,"column":8},"end":{"line":85,"column":null}},"34":{"start":{"line":81,"column":28},"end":{"line":81,"column":null}},"35":{"start":{"line":82,"column":10},"end":{"line":82,"column":null}},"36":{"start":{"line":86,"column":8},"end":{"line":86,"column":null}},"37":{"start":{"line":89,"column":6},"end":{"line":89,"column":null}},"38":{"start":{"line":93,"column":24},"end":{"line":93,"column":null}},"39":{"start":{"line":94,"column":4},"end":{"line":98,"column":null}},"40":{"start":{"line":95,"column":6},"end":{"line":95,"column":null}},"41":{"start":{"line":97,"column":6},"end":{"line":97,"column":null}},"42":{"start":{"line":102,"column":2},"end":{"line":102,"column":null}},"43":{"start":{"line":102,"column":24},"end":{"line":102,"column":38}}},"fnMap":{"0":{"name":"useApi","decl":{"start":{"line":14,"column":16},"end":{"line":14,"column":25}},"loc":{"start":{"line":14,"column":25},"end":{"line":103,"column":null}},"line":14},"1":{"name":"(anonymous_1)","decl":{"start":{"line":24,"column":12},"end":{"line":24,"column":18}},"loc":{"start":{"line":24,"column":18},"end":{"line":28,"column":5}},"line":24},"2":{"name":"(anonymous_2)","decl":{"start":{"line":30,"column":30},"end":{"line":30,"column":50}},"loc":{"start":{"line":30,"column":120},"end":{"line":99,"column":5}},"line":30},"3":{"name":"(anonymous_3)","decl":{"start":{"line":70,"column":19},"end":{"line":70,"column":25}},"loc":{"start":{"line":70,"column":25},"end":{"line":72,"column":11}},"line":70},"4":{"name":"(anonymous_4)","decl":{"start":{"line":102,"column":17},"end":{"line":102,"column":24}},"loc":{"start":{"line":102,"column":24},"end":{"line":102,"column":38}},"line":102}},"branchMap":{"0":{"loc":{"start":{"line":30,"column":68},"end":{"line":30,"column":120}},"type":"default-arg","locations":[{"start":{"line":30,"column":90},"end":{"line":30,"column":120}}],"line":30},"1":{"loc":{"start":{"line":31,"column":12},"end":{"line":31,"column":28}},"type":"default-arg","locations":[{"start":{"line":31,"column":21},"end":{"line":31,"column":28}}],"line":31},"2":{"loc":{"start":{"line":31,"column":34},"end":{"line":31,"column":58}},"type":"default-arg","locations":[{"start":{"line":31,"column":44},"end":{"line":31,"column":58}}],"line":31},"3":{"loc":{"start":{"line":38,"column":4},"end":{"line":40,"column":null}},"type":"if","locations":[{"start":{"line":38,"column":4},"end":{"line":40,"column":null}},{"start":{},"end":{}}],"line":38},"4":{"loc":{"start":{"line":43,"column":4},"end":{"line":45,"column":null}},"type":"if","locations":[{"start":{"line":43,"column":4},"end":{"line":45,"column":null}},{"start":{},"end":{}}],"line":43},"5":{"loc":{"start":{"line":52,"column":4},"end":{"line":59,"column":null}},"type":"if","locations":[{"start":{"line":52,"column":4},"end":{"line":59,"column":null}},{"start":{},"end":{}}],"line":52},"6":{"loc":{"start":{"line":52,"column":8},"end":{"line":52,"column":59}},"type":"binary-expr","locations":[{"start":{"line":52,"column":8},"end":{"line":52,"column":16}},{"start":{"line":52,"column":16},"end":{"line":52,"column":59}}],"line":52},"7":{"loc":{"start":{"line":53,"column":6},"end":{"line":58,"column":null}},"type":"if","locations":[{"start":{"line":53,"column":6},"end":{"line":58,"column":null}},{"start":{"line":56,"column":13},"end":{"line":58,"column":null}}],"line":53},"8":{"loc":{"start":{"line":57,"column":28},"end":{"line":57,"column":null}},"type":"cond-expr","locations":[{"start":{"line":57,"column":55},"end":{"line":57,"column":62}},{"start":{"line":57,"column":62},"end":{"line":57,"column":null}}],"line":57},"9":{"loc":{"start":{"line":63,"column":4},"end":{"line":90,"column":null}},"type":"if","locations":[{"start":{"line":63,"column":4},"end":{"line":90,"column":null}},{"start":{},"end":{}}],"line":63},"10":{"loc":{"start":{"line":67,"column":6},"end":{"line":75,"column":null}},"type":"if","locations":[{"start":{"line":67,"column":6},"end":{"line":75,"column":null}},{"start":{},"end":{}}],"line":67},"11":{"loc":{"start":{"line":78,"column":6},"end":{"line":87,"column":null}},"type":"if","locations":[{"start":{"line":78,"column":6},"end":{"line":87,"column":null}},{"start":{},"end":{}}],"line":78},"12":{"loc":{"start":{"line":82,"column":25},"end":{"line":82,"column":null}},"type":"binary-expr","locations":[{"start":{"line":82,"column":25},"end":{"line":82,"column":45}},{"start":{"line":82,"column":45},"end":{"line":82,"column":null}}],"line":82},"13":{"loc":{"start":{"line":94,"column":4},"end":{"line":98,"column":null}},"type":"if","locations":[{"start":{"line":94,"column":4},"end":{"line":98,"column":null}},{"start":{"line":96,"column":11},"end":{"line":98,"column":null}}],"line":94},"14":{"loc":{"start":{"line":94,"column":8},"end":{"line":94,"column":65}},"type":"binary-expr","locations":[{"start":{"line":94,"column":8},"end":{"line":94,"column":23}},{"start":{"line":94,"column":23},"end":{"line":94,"column":65}}],"line":94}},"s":{"0":1,"1":1,"2":11,"3":11,"4":11,"5":11,"6":11,"7":11,"8":11,"9":11,"10":11,"11":11,"12":11,"13":11,"14":11,"15":10,"16":11,"17":10,"18":11,"19":11,"20":4,"21":1,"22":3,"23":11,"24":11,"25":3,"26":3,"27":1,"28":1,"29":0,"30":1,"31":2,"32":1,"33":1,"34":1,"35":1,"36":1,"37":1,"38":8,"39":8,"40":7,"41":1,"42":11,"43":10},"f":{"0":11,"1":11,"2":11,"3":0,"4":10},"b":{"0":[11],"1":[11],"2":[11],"3":[10,1],"4":[10,1],"5":[4,7],"6":[11,4],"7":[1,3],"8":[0,3],"9":[3,8],"10":[1,2],"11":[1,1],"12":[1,0],"13":[7,1],"14":[8,7]},"meta":{"lastBranch":15,"lastFunction":5,"lastStatement":44,"seen":{"s:11:34:11:Infinity":0,"s:12:46:12:Infinity":1,"f:14:16:14:25":0,"s:15:24:15:Infinity":2,"s:16:8:16:Infinity":3,"s:19:8:19:Infinity":4,"s:20:8:20:Infinity":5,"s:21:8:21:Infinity":6,"s:24:2:28:Infinity":7,"f:24:12:24:18":1,"s:25:4:25:Infinity":8,"s:26:4:26:Infinity":9,"s:27:4:27:Infinity":10,"s:30:8:99:Infinity":11,"f:30:30:30:50":2,"b:30:90:30:120":0,"s:31:62:31:Infinity":12,"b:31:21:31:28":1,"b:31:44:31:58":2,"s:33:51:35:Infinity":13,"b:38:4:40:Infinity:undefined:undefined:undefined:undefined":3,"s:38:4:40:Infinity":14,"s:39:6:39:Infinity":15,"b:43:4:45:Infinity:undefined:undefined:undefined:undefined":4,"s:43:4:45:Infinity":16,"s:44:6:44:Infinity":17,"s:47:38:50:Infinity":18,"b:52:4:59:Infinity:undefined:undefined:undefined:undefined":5,"s:52:4:59:Infinity":19,"b:52:8:52:16:52:16:52:59":6,"b:53:6:58:Infinity:56:13:58:Infinity":7,"s:53:6:58:Infinity":20,"s:55:8:55:Infinity":21,"s:57:8:57:Infinity":22,"b:57:55:57:62:57:62:57:Infinity":8,"s:61:21:61:Infinity":23,"b:63:4:90:Infinity:undefined:undefined:undefined:undefined":9,"s:63:4:90:Infinity":24,"s:64:24:64:Infinity":25,"b:67:6:75:Infinity:undefined:undefined:undefined:undefined":10,"s:67:6:75:Infinity":26,"s:68:8:68:Infinity":27,"s:70:8:72:Infinity":28,"f:70:19:70:25":3,"s:71:10:71:Infinity":29,"s:74:8:74:Infinity":30,"b:78:6:87:Infinity:undefined:undefined:undefined:undefined":11,"s:78:6:87:Infinity":31,"s:79:27:79:Infinity":32,"s:80:8:85:Infinity":33,"s:81:28:81:Infinity":34,"s:82:10:82:Infinity":35,"b:82:25:82:45:82:45:82:Infinity":12,"s:86:8:86:Infinity":36,"s:89:6:89:Infinity":37,"s:93:24:93:Infinity":38,"b:94:4:98:Infinity:96:11:98:Infinity":13,"s:94:4:98:Infinity":39,"b:94:8:94:23:94:23:94:65":14,"s:95:6:95:Infinity":40,"s:97:6:97:Infinity":41,"s:102:2:102:Infinity":42,"f:102:17:102:24":4,"s:102:24:102:38":43}}}
,"/Users/mp/programming/cockpit-ng/frontend/src/hooks/checkmk/use-hosts-filter.ts": {"path":"/Users/mp/programming/cockpit-ng/frontend/src/hooks/checkmk/use-hosts-filter.ts","statementMap":{"0":{"start":{"line":21,"column":47},"end":{"line":21,"column":null}},"1":{"start":{"line":28,"column":42},"end":{"line":28,"column":null}},"2":{"start":{"line":29,"column":38},"end":{"line":29,"column":null}},"3":{"start":{"line":30,"column":40},"end":{"line":30,"column":null}},"4":{"start":{"line":31,"column":34},"end":{"line":31,"column":null}},"5":{"start":{"line":32,"column":32},"end":{"line":32,"column":null}},"6":{"start":{"line":35,"column":8},"end":{"line":80,"column":null}},"7":{"start":{"line":36,"column":19},"end":{"line":53,"column":null}},"8":{"start":{"line":38,"column":6},"end":{"line":43,"column":null}},"9":{"start":{"line":39,"column":14},"end":{"line":39,"column":null}},"10":{"start":{"line":40,"column":8},"end":{"line":42,"column":null}},"11":{"start":{"line":41,"column":10},"end":{"line":41,"column":null}},"12":{"start":{"line":46,"column":6},"end":{"line":50,"column":null}},"13":{"start":{"line":47,"column":27},"end":{"line":47,"column":null}},"14":{"start":{"line":48,"column":8},"end":{"line":48,"column":null}},"15":{"start":{"line":48,"column":44},"end":{"line":48,"column":null}},"16":{"start":{"line":49,"column":8},"end":{"line":49,"column":null}},"17":{"start":{"line":49,"column":40},"end":{"line":49,"column":null}},"18":{"start":{"line":52,"column":6},"end":{"line":52,"column":null}},"19":{"start":{"line":56,"column":4},"end":{"line":77,"column":null}},"20":{"start":{"line":57,"column":6},"end":{"line":76,"column":null}},"21":{"start":{"line":60,"column":8},"end":{"line":71,"column":null}},"22":{"start":{"line":62,"column":12},"end":{"line":62,"column":null}},"23":{"start":{"line":63,"column":12},"end":{"line":63,"column":null}},"24":{"start":{"line":64,"column":12},"end":{"line":64,"column":null}},"25":{"start":{"line":66,"column":12},"end":{"line":66,"column":null}},"26":{"start":{"line":67,"column":12},"end":{"line":67,"column":null}},"27":{"start":{"line":68,"column":12},"end":{"line":68,"column":null}},"28":{"start":{"line":70,"column":12},"end":{"line":70,"column":null}},"29":{"start":{"line":73,"column":8},"end":{"line":73,"column":null}},"30":{"start":{"line":73,"column":25},"end":{"line":73,"column":null}},"31":{"start":{"line":74,"column":8},"end":{"line":74,"column":null}},"32":{"start":{"line":74,"column":25},"end":{"line":74,"column":null}},"33":{"start":{"line":75,"column":8},"end":{"line":75,"column":null}},"34":{"start":{"line":79,"column":4},"end":{"line":79,"column":null}},"35":{"start":{"line":82,"column":8},"end":{"line":97,"column":null}},"36":{"start":{"line":83,"column":4},"end":{"line":83,"column":null}},"37":{"start":{"line":84,"column":4},"end":{"line":84,"column":null}},"38":{"start":{"line":85,"column":4},"end":{"line":85,"column":null}},"39":{"start":{"line":86,"column":4},"end":{"line":86,"column":null}},"40":{"start":{"line":87,"column":4},"end":{"line":89,"column":null}},"41":{"start":{"line":88,"column":6},"end":{"line":88,"column":null}},"42":{"start":{"line":92,"column":56},"end":{"line":92,"column":null}},"43":{"start":{"line":93,"column":4},"end":{"line":95,"column":null}},"44":{"start":{"line":94,"column":6},"end":{"line":94,"column":null}},"45":{"start":{"line":96,"column":4},"end":{"line":96,"column":null}},"46":{"start":{"line":99,"column":8},"end":{"line":115,"column":null}},"47":{"start":{"line":100,"column":4},"end":{"line":114,"column":null}},"48":{"start":{"line":102,"column":65},"end":{"line":106,"column":null}},"49":{"start":{"line":107,"column":23},"end":{"line":107,"column":null}},"50":{"start":{"line":108,"column":6},"end":{"line":110,"column":null}},"51":{"start":{"line":109,"column":8},"end":{"line":109,"column":null}},"52":{"start":{"line":112,"column":6},"end":{"line":112,"column":null}},"53":{"start":{"line":113,"column":6},"end":{"line":113,"column":null}},"54":{"start":{"line":118,"column":29},"end":{"line":122,"column":null}},"55":{"start":{"line":124,"column":2},"end":{"line":139,"column":null}}},"fnMap":{"0":{"name":"useHostsFilter","decl":{"start":{"line":23,"column":16},"end":{"line":23,"column":null}},"loc":{"start":{"line":27,"column":24},"end":{"line":140,"column":null}},"line":27},"1":{"name":"(anonymous_1)","decl":{"start":{"line":35,"column":32},"end":{"line":35,"column":38}},"loc":{"start":{"line":35,"column":38},"end":{"line":80,"column":5}},"line":35},"2":{"name":"(anonymous_2)","decl":{"start":{"line":36,"column":32},"end":{"line":36,"column":40}},"loc":{"start":{"line":36,"column":40},"end":{"line":53,"column":5}},"line":36},"3":{"name":"(anonymous_3)","decl":{"start":{"line":57,"column":39},"end":{"line":57,"column":40}},"loc":{"start":{"line":57,"column":49},"end":{"line":76,"column":7}},"line":57},"4":{"name":"(anonymous_4)","decl":{"start":{"line":82,"column":35},"end":{"line":82,"column":41}},"loc":{"start":{"line":82,"column":41},"end":{"line":97,"column":5}},"line":82},"5":{"name":"(anonymous_5)","decl":{"start":{"line":93,"column":34},"end":{"line":93,"column":44}},"loc":{"start":{"line":93,"column":44},"end":{"line":95,"column":5}},"line":93},"6":{"name":"(anonymous_6)","decl":{"start":{"line":99,"column":33},"end":{"line":99,"column":34}},"loc":{"start":{"line":99,"column":53},"end":{"line":115,"column":5}},"line":99}},"branchMap":{"0":{"loc":{"start":{"line":38,"column":6},"end":{"line":43,"column":null}},"type":"if","locations":[{"start":{"line":38,"column":6},"end":{"line":43,"column":null}},{"start":{},"end":{}}],"line":38},"1":{"loc":{"start":{"line":39,"column":26},"end":{"line":39,"column":48}},"type":"binary-expr","locations":[{"start":{"line":39,"column":26},"end":{"line":39,"column":44}},{"start":{"line":39,"column":44},"end":{"line":39,"column":48}}],"line":39},"2":{"loc":{"start":{"line":40,"column":8},"end":{"line":42,"column":null}},"type":"if","locations":[{"start":{"line":40,"column":8},"end":{"line":42,"column":null}},{"start":{},"end":{}}],"line":40},"3":{"loc":{"start":{"line":46,"column":6},"end":{"line":50,"column":null}},"type":"if","locations":[{"start":{"line":46,"column":6},"end":{"line":50,"column":null}},{"start":{},"end":{}}],"line":46},"4":{"loc":{"start":{"line":47,"column":27},"end":{"line":47,"column":null}},"type":"binary-expr","locations":[{"start":{"line":47,"column":27},"end":{"line":47,"column":42}},{"start":{"line":47,"column":42},"end":{"line":47,"column":null}}],"line":47},"5":{"loc":{"start":{"line":48,"column":8},"end":{"line":48,"column":null}},"type":"if","locations":[{"start":{"line":48,"column":8},"end":{"line":48,"column":null}},{"start":{},"end":{}}],"line":48},"6":{"loc":{"start":{"line":49,"column":8},"end":{"line":49,"column":null}},"type":"if","locations":[{"start":{"line":49,"column":8},"end":{"line":49,"column":null}},{"start":{},"end":{}}],"line":49},"7":{"loc":{"start":{"line":56,"column":4},"end":{"line":77,"column":null}},"type":"if","locations":[{"start":{"line":56,"column":4},"end":{"line":77,"column":null}},{"start":{},"end":{}}],"line":56},"8":{"loc":{"start":{"line":56,"column":8},"end":{"line":56,"column":44}},"type":"binary-expr","locations":[{"start":{"line":56,"column":8},"end":{"line":56,"column":22}},{"start":{"line":56,"column":22},"end":{"line":56,"column":44}}],"line":56},"9":{"loc":{"start":{"line":60,"column":8},"end":{"line":71,"column":null}},"type":"switch","locations":[{"start":{"line":61,"column":10},"end":{"line":64,"column":null}},{"start":{"line":65,"column":10},"end":{"line":68,"column":null}},{"start":{"line":69,"column":10},"end":{"line":70,"column":null}}],"line":60},"10":{"loc":{"start":{"line":62,"column":19},"end":{"line":62,"column":null}},"type":"binary-expr","locations":[{"start":{"line":62,"column":19},"end":{"line":62,"column":34}},{"start":{"line":62,"column":34},"end":{"line":62,"column":null}}],"line":62},"11":{"loc":{"start":{"line":63,"column":19},"end":{"line":63,"column":null}},"type":"binary-expr","locations":[{"start":{"line":63,"column":19},"end":{"line":63,"column":34}},{"start":{"line":63,"column":34},"end":{"line":63,"column":null}}],"line":63},"12":{"loc":{"start":{"line":66,"column":19},"end":{"line":66,"column":null}},"type":"binary-expr","locations":[{"start":{"line":66,"column":19},"end":{"line":66,"column":31}},{"start":{"line":66,"column":31},"end":{"line":66,"column":null}}],"line":66},"13":{"loc":{"start":{"line":67,"column":19},"end":{"line":67,"column":null}},"type":"binary-expr","locations":[{"start":{"line":67,"column":19},"end":{"line":67,"column":31}},{"start":{"line":67,"column":31},"end":{"line":67,"column":null}}],"line":67},"14":{"loc":{"start":{"line":73,"column":8},"end":{"line":73,"column":null}},"type":"if","locations":[{"start":{"line":73,"column":8},"end":{"line":73,"column":null}},{"start":{},"end":{}}],"line":73},"15":{"loc":{"start":{"line":73,"column":32},"end":{"line":73,"column":null}},"type":"cond-expr","locations":[{"start":{"line":73,"column":54},"end":{"line":73,"column":59}},{"start":{"line":73,"column":59},"end":{"line":73,"column":null}}],"line":73},"16":{"loc":{"start":{"line":74,"column":8},"end":{"line":74,"column":null}},"type":"if","locations":[{"start":{"line":74,"column":8},"end":{"line":74,"column":null}},{"start":{},"end":{}}],"line":74},"17":{"loc":{"start":{"line":74,"column":32},"end":{"line":74,"column":null}},"type":"cond-expr","locations":[{"start":{"line":74,"column":54},"end":{"line":74,"column":58}},{"start":{"line":74,"column":58},"end":{"line":74,"column":null}}],"line":74},"18":{"loc":{"start":{"line":87,"column":4},"end":{"line":89,"column":null}},"type":"if","locations":[{"start":{"line":87,"column":4},"end":{"line":89,"column":null}},{"start":{},"end":{}}],"line":87},"19":{"loc":{"start":{"line":100,"column":4},"end":{"line":114,"column":null}},"type":"if","locations":[{"start":{"line":100,"column":4},"end":{"line":114,"column":null}},{"start":{"line":111,"column":11},"end":{"line":114,"column":null}}],"line":100},"20":{"loc":{"start":{"line":108,"column":6},"end":{"line":110,"column":null}},"type":"if","locations":[{"start":{"line":108,"column":6},"end":{"line":110,"column":null}},{"start":{},"end":{}}],"line":108},"21":{"loc":{"start":{"line":122,"column":3},"end":{"line":122,"column":null}},"type":"cond-expr","locations":[{"start":{"line":122,"column":127},"end":{"line":122,"column":131}},{"start":{"line":122,"column":131},"end":{"line":122,"column":null}}],"line":122},"22":{"loc":{"start":{"line":122,"column":3},"end":{"line":122,"column":127}},"type":"binary-expr","locations":[{"start":{"line":122,"column":3},"end":{"line":122,"column":44}},{"start":{"line":122,"column":44},"end":{"line":122,"column":127}}],"line":122}},"s":{"0":1,"1":28,"2":28,"3":28,"4":28,"5":28,"6":28,"7":27,"8":100,"9":20,"10":20,"11":10,"12":90,"13":10,"14":10,"15":0,"16":10,"17":3,"18":87,"19":27,"20":7,"21":28,"22":24,"23":24,"24":24,"25":4,"26":4,"27":4,"28":0,"29":28,"30":9,"31":19,"32":19,"33":1,"34":27,"35":28,"36":1,"37":1,"38":1,"39":1,"40":1,"41":1,"42":1,"43":1,"44":3,"45":1,"46":28,"47":8,"48":3,"49":3,"50":3,"51":3,"52":5,"53":5,"54":28,"55":28},"f":{"0":28,"1":27,"2":100,"3":28,"4":1,"5":3,"6":8},"b":{"0":[20,80],"1":[20,0],"2":[10,10],"3":[10,80],"4":[10,0],"5":[0,10],"6":[3,7],"7":[7,20],"8":[27,8],"9":[24,4,0],"10":[24,0],"11":[24,0],"12":[4,0],"13":[4,0],"14":[9,19],"15":[7,2],"16":[18,1],"17":[12,6],"18":[1,0],"19":[3,5],"20":[3,0],"21":[2,26],"22":[28,3]},"meta":{"lastBranch":23,"lastFunction":7,"lastStatement":56,"seen":{"s:21:47:21:Infinity":0,"f:23:16:23:Infinity":0,"s:28:42:28:Infinity":1,"s:29:38:29:Infinity":2,"s:30:40:30:Infinity":3,"s:31:34:31:Infinity":4,"s:32:32:32:Infinity":5,"s:35:8:80:Infinity":6,"f:35:32:35:38":1,"s:36:19:53:Infinity":7,"f:36:32:36:40":2,"b:38:6:43:Infinity:undefined:undefined:undefined:undefined":0,"s:38:6:43:Infinity":8,"s:39:14:39:Infinity":9,"b:39:26:39:44:39:44:39:48":1,"b:40:8:42:Infinity:undefined:undefined:undefined:undefined":2,"s:40:8:42:Infinity":10,"s:41:10:41:Infinity":11,"b:46:6:50:Infinity:undefined:undefined:undefined:undefined":3,"s:46:6:50:Infinity":12,"s:47:27:47:Infinity":13,"b:47:27:47:42:47:42:47:Infinity":4,"b:48:8:48:Infinity:undefined:undefined:undefined:undefined":5,"s:48:8:48:Infinity":14,"s:48:44:48:Infinity":15,"b:49:8:49:Infinity:undefined:undefined:undefined:undefined":6,"s:49:8:49:Infinity":16,"s:49:40:49:Infinity":17,"s:52:6:52:Infinity":18,"b:56:4:77:Infinity:undefined:undefined:undefined:undefined":7,"s:56:4:77:Infinity":19,"b:56:8:56:22:56:22:56:44":8,"s:57:6:76:Infinity":20,"f:57:39:57:40":3,"b:61:10:64:Infinity:65:10:68:Infinity:69:10:70:Infinity":9,"s:60:8:71:Infinity":21,"s:62:12:62:Infinity":22,"b:62:19:62:34:62:34:62:Infinity":10,"s:63:12:63:Infinity":23,"b:63:19:63:34:63:34:63:Infinity":11,"s:64:12:64:Infinity":24,"s:66:12:66:Infinity":25,"b:66:19:66:31:66:31:66:Infinity":12,"s:67:12:67:Infinity":26,"b:67:19:67:31:67:31:67:Infinity":13,"s:68:12:68:Infinity":27,"s:70:12:70:Infinity":28,"b:73:8:73:Infinity:undefined:undefined:undefined:undefined":14,"s:73:8:73:Infinity":29,"s:73:25:73:Infinity":30,"b:73:54:73:59:73:59:73:Infinity":15,"b:74:8:74:Infinity:undefined:undefined:undefined:undefined":16,"s:74:8:74:Infinity":31,"s:74:25:74:Infinity":32,"b:74:54:74:58:74:58:74:Infinity":17,"s:75:8:75:Infinity":33,"s:79:4:79:Infinity":34,"s:82:8:97:Infinity":35,"f:82:35:82:41":4,"s:83:4:83:Infinity":36,"s:84:4:84:Infinity":37,"s:85:4:85:Infinity":38,"s:86:4:86:Infinity":39,"b:87:4:89:Infinity:undefined:undefined:undefined:undefined":18,"s:87:4:89:Infinity":40,"s:88:6:88:Infinity":41,"s:92:56:92:Infinity":42,"s:93:4:95:Infinity":43,"f:93:34:93:44":5,"s:94:6:94:Infinity":44,"s:96:4:96:Infinity":45,"s:99:8:115:Infinity":46,"f:99:33:99:34":6,"b:100:4:114:Infinity:111:11:114:Infinity":19,"s:100:4:114:Infinity":47,"s:102:65:106:Infinity":48,"s:107:23:107:Infinity":49,"b:108:6:110:Infinity:undefined:undefined:undefined:undefined":20,"s:108:6:110:Infinity":50,"s:109:8:109:Infinity":51,"s:112:6:112:Infinity":52,"s:113:6:113:Infinity":53,"s:118:29:122:Infinity":54,"b:122:127:122:131:122:131:122:Infinity":21,"b:122:3:122:44:122:44:122:127":22,"s:124:2:139:Infinity":55}}}
,"/Users/mp/programming/cockpit-ng/frontend/src/lib/auth-store.ts": {"path":"/Users/mp/programming/cockpit-ng/frontend/src/lib/auth-store.ts","statementMap":{"0":{"start":{"line":23,"column":22},"end":{"line":27,"column":null}},"1":{"start":{"line":30,"column":23},"end":{"line":33,"column":null}},"2":{"start":{"line":31,"column":2},"end":{"line":31,"column":null}},"3":{"start":{"line":31,"column":37},"end":{"line":31,"column":null}},"4":{"start":{"line":32,"column":2},"end":{"line":32,"column":null}},"5":{"start":{"line":35,"column":22},"end":{"line":46,"column":null}},"6":{"start":{"line":36,"column":2},"end":{"line":36,"column":null}},"7":{"start":{"line":36,"column":37},"end":{"line":36,"column":null}},"8":{"start":{"line":37,"column":21},"end":{"line":37,"column":null}},"9":{"start":{"line":38,"column":2},"end":{"line":38,"column":null}},"10":{"start":{"line":38,"column":19},"end":{"line":38,"column":null}},"11":{"start":{"line":40,"column":2},"end":{"line":45,"column":null}},"12":{"start":{"line":41,"column":4},"end":{"line":41,"column":null}},"13":{"start":{"line":43,"column":4},"end":{"line":43,"column":null}},"14":{"start":{"line":44,"column":4},"end":{"line":44,"column":null}},"15":{"start":{"line":48,"column":23},"end":{"line":50,"column":null}},"16":{"start":{"line":49,"column":2},"end":{"line":49,"column":null}},"17":{"start":{"line":52,"column":22},"end":{"line":64,"column":null}},"18":{"start":{"line":55,"column":22},"end":{"line":62,"column":null}},"19":{"start":{"line":63,"column":2},"end":{"line":63,"column":null}},"20":{"start":{"line":66,"column":22},"end":{"line":75,"column":null}},"21":{"start":{"line":67,"column":2},"end":{"line":67,"column":null}},"22":{"start":{"line":68,"column":2},"end":{"line":68,"column":null}},"23":{"start":{"line":70,"column":2},"end":{"line":74,"column":null}},"24":{"start":{"line":71,"column":4},"end":{"line":71,"column":null}},"25":{"start":{"line":72,"column":4},"end":{"line":72,"column":null}},"26":{"start":{"line":73,"column":4},"end":{"line":73,"column":null}},"27":{"start":{"line":77,"column":13},"end":{"line":148,"column":null}},"28":{"start":{"line":77,"column":62},"end":{"line":148,"column":2}},"29":{"start":{"line":84,"column":4},"end":{"line":84,"column":null}},"30":{"start":{"line":85,"column":4},"end":{"line":85,"column":null}},"31":{"start":{"line":86,"column":4},"end":{"line":86,"column":null}},"32":{"start":{"line":87,"column":4},"end":{"line":87,"column":null}},"33":{"start":{"line":88,"column":4},"end":{"line":88,"column":null}},"34":{"start":{"line":91,"column":4},"end":{"line":91,"column":null}},"35":{"start":{"line":92,"column":4},"end":{"line":92,"column":null}},"36":{"start":{"line":95,"column":4},"end":{"line":99,"column":null}},"37":{"start":{"line":104,"column":4},"end":{"line":104,"column":null}},"38":{"start":{"line":107,"column":4},"end":{"line":111,"column":null}},"39":{"start":{"line":116,"column":4},"end":{"line":116,"column":null}},"40":{"start":{"line":117,"column":4},"end":{"line":117,"column":null}},"41":{"start":{"line":122,"column":18},"end":{"line":122,"column":null}},"42":{"start":{"line":123,"column":17},"end":{"line":123,"column":null}},"43":{"start":{"line":125,"column":4},"end":{"line":125,"column":null}},"44":{"start":{"line":126,"column":4},"end":{"line":126,"column":null}},"45":{"start":{"line":127,"column":4},"end":{"line":127,"column":null}},"46":{"start":{"line":129,"column":4},"end":{"line":146,"column":null}},"47":{"start":{"line":130,"column":6},"end":{"line":130,"column":null}},"48":{"start":{"line":131,"column":6},"end":{"line":131,"column":null}},"49":{"start":{"line":133,"column":6},"end":{"line":137,"column":null}},"50":{"start":{"line":140,"column":6},"end":{"line":140,"column":null}},"51":{"start":{"line":141,"column":6},"end":{"line":145,"column":null}}},"fnMap":{"0":{"name":"(anonymous_0)","decl":{"start":{"line":30,"column":23},"end":{"line":30,"column":44}},"loc":{"start":{"line":30,"column":44},"end":{"line":33,"column":null}},"line":30},"1":{"name":"(anonymous_1)","decl":{"start":{"line":35,"column":22},"end":{"line":35,"column":41}},"loc":{"start":{"line":35,"column":41},"end":{"line":46,"column":null}},"line":35},"2":{"name":"(anonymous_2)","decl":{"start":{"line":48,"column":23},"end":{"line":48,"column":24}},"loc":{"start":{"line":48,"column":42},"end":{"line":50,"column":null}},"line":48},"3":{"name":"(anonymous_3)","decl":{"start":{"line":52,"column":22},"end":{"line":52,"column":23}},"loc":{"start":{"line":52,"column":38},"end":{"line":64,"column":null}},"line":52},"4":{"name":"(anonymous_4)","decl":{"start":{"line":66,"column":22},"end":{"line":66,"column":28}},"loc":{"start":{"line":66,"column":28},"end":{"line":75,"column":null}},"line":66},"5":{"name":"(anonymous_5)","decl":{"start":{"line":77,"column":46},"end":{"line":77,"column":47}},"loc":{"start":{"line":77,"column":62},"end":{"line":148,"column":2}},"line":77},"6":{"name":"(anonymous_6)","decl":{"start":{"line":82,"column":9},"end":{"line":82,"column":10}},"loc":{"start":{"line":82,"column":40},"end":{"line":100,"column":null}},"line":82},"7":{"name":"(anonymous_7)","decl":{"start":{"line":102,"column":10},"end":{"line":102,"column":16}},"loc":{"start":{"line":102,"column":16},"end":{"line":112,"column":null}},"line":102},"8":{"name":"(anonymous_8)","decl":{"start":{"line":114,"column":11},"end":{"line":114,"column":12}},"loc":{"start":{"line":114,"column":27},"end":{"line":118,"column":null}},"line":114},"9":{"name":"(anonymous_9)","decl":{"start":{"line":120,"column":11},"end":{"line":120,"column":17}},"loc":{"start":{"line":120,"column":17},"end":{"line":147,"column":null}},"line":120}},"branchMap":{"0":{"loc":{"start":{"line":31,"column":2},"end":{"line":31,"column":null}},"type":"if","locations":[{"start":{"line":31,"column":2},"end":{"line":31,"column":null}},{"start":{},"end":{}}],"line":31},"1":{"loc":{"start":{"line":32,"column":9},"end":{"line":32,"column":null}},"type":"binary-expr","locations":[{"start":{"line":32,"column":9},"end":{"line":32,"column":46}},{"start":{"line":32,"column":46},"end":{"line":32,"column":null}}],"line":32},"2":{"loc":{"start":{"line":36,"column":2},"end":{"line":36,"column":null}},"type":"if","locations":[{"start":{"line":36,"column":2},"end":{"line":36,"column":null}},{"start":{},"end":{}}],"line":36},"3":{"loc":{"start":{"line":38,"column":2},"end":{"line":38,"column":null}},"type":"if","locations":[{"start":{"line":38,"column":2},"end":{"line":38,"column":null}},{"start":{},"end":{}}],"line":38},"4":{"loc":{"start":{"line":70,"column":2},"end":{"line":74,"column":null}},"type":"if","locations":[{"start":{"line":70,"column":2},"end":{"line":74,"column":null}},{"start":{},"end":{}}],"line":70},"5":{"loc":{"start":{"line":86,"column":50},"end":{"line":86,"column":111}},"type":"cond-expr","locations":[{"start":{"line":86,"column":84},"end":{"line":86,"column":110}},{"start":{"line":86,"column":110},"end":{"line":86,"column":111}}],"line":86},"6":{"loc":{"start":{"line":126,"column":45},"end":{"line":126,"column":73}},"type":"cond-expr","locations":[{"start":{"line":126,"column":53},"end":{"line":126,"column":64}},{"start":{"line":126,"column":64},"end":{"line":126,"column":73}}],"line":126},"7":{"loc":{"start":{"line":129,"column":4},"end":{"line":146,"column":null}},"type":"if","locations":[{"start":{"line":129,"column":4},"end":{"line":146,"column":null}},{"start":{"line":138,"column":11},"end":{"line":146,"column":null}}],"line":129},"8":{"loc":{"start":{"line":129,"column":8},"end":{"line":129,"column":23}},"type":"binary-expr","locations":[{"start":{"line":129,"column":8},"end":{"line":129,"column":17}},{"start":{"line":129,"column":17},"end":{"line":129,"column":23}}],"line":129}},"s":{"0":1,"1":1,"2":0,"3":0,"4":0,"5":1,"6":0,"7":0,"8":0,"9":0,"10":0,"11":0,"12":0,"13":0,"14":0,"15":1,"16":0,"17":1,"18":0,"19":0,"20":1,"21":1,"22":1,"23":1,"24":1,"25":1,"26":1,"27":1,"28":1,"29":0,"30":0,"31":0,"32":0,"33":0,"34":0,"35":0,"36":0,"37":1,"38":1,"39":0,"40":0,"41":0,"42":0,"43":0,"44":0,"45":0,"46":0,"47":0,"48":0,"49":0,"50":0,"51":0},"f":{"0":0,"1":0,"2":0,"3":0,"4":1,"5":1,"6":0,"7":1,"8":0,"9":0},"b":{"0":[0,0],"1":[0,0],"2":[0,0],"3":[0,0],"4":[1,0],"5":[0,0],"6":[0,0],"7":[0,0],"8":[0,0]},"meta":{"lastBranch":9,"lastFunction":10,"lastStatement":52,"seen":{"s:23:22:27:Infinity":0,"s:30:23:33:Infinity":1,"f:30:23:30:44":0,"b:31:2:31:Infinity:undefined:undefined:undefined:undefined":0,"s:31:2:31:Infinity":2,"s:31:37:31:Infinity":3,"s:32:2:32:Infinity":4,"b:32:9:32:46:32:46:32:Infinity":1,"s:35:22:46:Infinity":5,"f:35:22:35:41":1,"b:36:2:36:Infinity:undefined:undefined:undefined:undefined":2,"s:36:2:36:Infinity":6,"s:36:37:36:Infinity":7,"s:37:21:37:Infinity":8,"b:38:2:38:Infinity:undefined:undefined:undefined:undefined":3,"s:38:2:38:Infinity":9,"s:38:19:38:Infinity":10,"s:40:2:45:Infinity":11,"s:41:4:41:Infinity":12,"s:43:4:43:Infinity":13,"s:44:4:44:Infinity":14,"s:48:23:50:Infinity":15,"f:48:23:48:24":2,"s:49:2:49:Infinity":16,"s:52:22:64:Infinity":17,"f:52:22:52:23":3,"s:55:22:62:Infinity":18,"s:63:2:63:Infinity":19,"s:66:22:75:Infinity":20,"f:66:22:66:28":4,"s:67:2:67:Infinity":21,"s:68:2:68:Infinity":22,"b:70:2:74:Infinity:undefined:undefined:undefined:undefined":4,"s:70:2:74:Infinity":23,"s:71:4:71:Infinity":24,"s:72:4:72:Infinity":25,"s:73:4:73:Infinity":26,"s:77:13:148:Infinity":27,"f:77:46:77:47":5,"s:77:62:148:2":28,"f:82:9:82:10":6,"s:84:4:84:Infinity":29,"s:85:4:85:Infinity":30,"s:86:4:86:Infinity":31,"b:86:84:86:110:86:110:86:111":5,"s:87:4:87:Infinity":32,"s:88:4:88:Infinity":33,"s:91:4:91:Infinity":34,"s:92:4:92:Infinity":35,"s:95:4:99:Infinity":36,"f:102:10:102:16":7,"s:104:4:104:Infinity":37,"s:107:4:111:Infinity":38,"f:114:11:114:12":8,"s:116:4:116:Infinity":39,"s:117:4:117:Infinity":40,"f:120:11:120:17":9,"s:122:18:122:Infinity":41,"s:123:17:123:Infinity":42,"s:125:4:125:Infinity":43,"s:126:4:126:Infinity":44,"b:126:53:126:64:126:64:126:73":6,"s:127:4:127:Infinity":45,"b:129:4:146:Infinity:138:11:146:Infinity":7,"s:129:4:146:Infinity":46,"b:129:8:129:17:129:17:129:23":8,"s:130:6:130:Infinity":47,"s:131:6:131:Infinity":48,"s:133:6:137:Infinity":49,"s:140:6:140:Infinity":50,"s:141:6:145:Infinity":51}}}
,"/Users/mp/programming/cockpit-ng/frontend/src/lib/utils.ts": {"path":"/Users/mp/programming/cockpit-ng/frontend/src/lib/utils.ts","statementMap":{"0":{"start":{"line":5,"column":2},"end":{"line":5,"column":null}},"1":{"start":{"line":8,"column":32},"end":{"line":8,"column":null}},"2":{"start":{"line":12,"column":2},"end":{"line":12,"column":null}},"3":{"start":{"line":12,"column":37},"end":{"line":12,"column":null}},"4":{"start":{"line":14,"column":16},"end":{"line":14,"column":null}},"5":{"start":{"line":15,"column":19},"end":{"line":15,"column":null}},"6":{"start":{"line":17,"column":30},"end":{"line":26,"column":null}},"7":{"start":{"line":29,"column":14},"end":{"line":29,"column":null}},"8":{"start":{"line":31,"column":19},"end":{"line":31,"column":null}},"9":{"start":{"line":33,"column":2},"end":{"line":38,"column":null}},"10":{"start":{"line":35,"column":4},"end":{"line":35,"column":null}},"11":{"start":{"line":36,"column":4},"end":{"line":36,"column":null}},"12":{"start":{"line":37,"column":4},"end":{"line":37,"column":null}},"13":{"start":{"line":40,"column":2},"end":{"line":42,"column":null}},"14":{"start":{"line":41,"column":4},"end":{"line":41,"column":null}},"15":{"start":{"line":44,"column":2},"end":{"line":44,"column":null}},"16":{"start":{"line":49,"column":2},"end":{"line":55,"column":null}},"17":{"start":{"line":59,"column":2},"end":{"line":59,"column":null}},"18":{"start":{"line":59,"column":19},"end":{"line":59,"column":null}},"19":{"start":{"line":60,"column":12},"end":{"line":60,"column":null}},"20":{"start":{"line":61,"column":16},"end":{"line":61,"column":null}},"21":{"start":{"line":62,"column":12},"end":{"line":62,"column":null}},"22":{"start":{"line":63,"column":2},"end":{"line":63,"column":null}}},"fnMap":{"0":{"name":"cn","decl":{"start":{"line":4,"column":16},"end":{"line":4,"column":22}},"loc":{"start":{"line":4,"column":44},"end":{"line":6,"column":null}},"line":4},"1":{"name":"apiRequest","decl":{"start":{"line":11,"column":22},"end":{"line":11,"column":33}},"loc":{"start":{"line":11,"column":86},"end":{"line":45,"column":null}},"line":11},"2":{"name":"formatDate","decl":{"start":{"line":48,"column":16},"end":{"line":48,"column":27}},"loc":{"start":{"line":48,"column":48},"end":{"line":56,"column":null}},"line":48},"3":{"name":"formatBytes","decl":{"start":{"line":58,"column":16},"end":{"line":58,"column":28}},"loc":{"start":{"line":58,"column":43},"end":{"line":64,"column":null}},"line":58}},"branchMap":{"0":{"loc":{"start":{"line":11,"column":51},"end":{"line":11,"column":86}},"type":"default-arg","locations":[{"start":{"line":11,"column":74},"end":{"line":11,"column":86}}],"line":11},"1":{"loc":{"start":{"line":12,"column":2},"end":{"line":12,"column":null}},"type":"if","locations":[{"start":{"line":12,"column":2},"end":{"line":12,"column":null}},{"start":{},"end":{}}],"line":12},"2":{"loc":{"start":{"line":15,"column":19},"end":{"line":15,"column":null}},"type":"cond-expr","locations":[{"start":{"line":15,"column":27},"end":{"line":15,"column":47}},{"start":{"line":15,"column":47},"end":{"line":15,"column":null}}],"line":15},"3":{"loc":{"start":{"line":21,"column":10},"end":{"line":23,"column":null}},"type":"binary-expr","locations":[{"start":{"line":21,"column":10},"end":{"line":21,"column":36}},{"start":{"line":21,"column":36},"end":{"line":23,"column":null}}],"line":21},"4":{"loc":{"start":{"line":29,"column":14},"end":{"line":29,"column":null}},"type":"cond-expr","locations":[{"start":{"line":29,"column":44},"end":{"line":29,"column":55}},{"start":{"line":29,"column":55},"end":{"line":29,"column":null}}],"line":29},"5":{"loc":{"start":{"line":33,"column":2},"end":{"line":38,"column":null}},"type":"if","locations":[{"start":{"line":33,"column":2},"end":{"line":38,"column":null}},{"start":{},"end":{}}],"line":33},"6":{"loc":{"start":{"line":40,"column":2},"end":{"line":42,"column":null}},"type":"if","locations":[{"start":{"line":40,"column":2},"end":{"line":42,"column":null}},{"start":{},"end":{}}],"line":40},"7":{"loc":{"start":{"line":59,"column":2},"end":{"line":59,"column":null}},"type":"if","locations":[{"start":{"line":59,"column":2},"end":{"line":59,"column":null}},{"start":{},"end":{}}],"line":59}},"s":{"0":14,"1":1,"2":0,"3":0,"4":0,"5":0,"6":0,"7":0,"8":0,"9":0,"10":0,"11":0,"12":0,"13":0,"14":0,"15":0,"16":0,"17":0,"18":0,"19":0,"20":0,"21":0,"22":0},"f":{"0":14,"1":0,"2":0,"3":0},"b":{"0":[0],"1":[0,0],"2":[0,0],"3":[0,0],"4":[0,0],"5":[0,0],"6":[0,0],"7":[0,0]},"meta":{"lastBranch":8,"lastFunction":4,"lastStatement":23,"seen":{"f:4:16:4:22":0,"s:5:2:5:Infinity":0,"s:8:32:8:Infinity":1,"f:11:22:11:33":1,"b:11:74:11:86":0,"b:12:2:12:Infinity:undefined:undefined:undefined:undefined":1,"s:12:2:12:Infinity":2,"s:12:37:12:Infinity":3,"s:14:16:14:Infinity":4,"s:15:19:15:Infinity":5,"b:15:27:15:47:15:47:15:Infinity":2,"s:17:30:26:Infinity":6,"b:21:10:21:36:21:36:23:Infinity":3,"s:29:14:29:Infinity":7,"b:29:44:29:55:29:55:29:Infinity":4,"s:31:19:31:Infinity":8,"b:33:2:38:Infinity:undefined:undefined:undefined:undefined":5,"s:33:2:38:Infinity":9,"s:35:4:35:Infinity":10,"s:36:4:36:Infinity":11,"s:37:4:37:Infinity":12,"b:40:2:42:Infinity:undefined:undefined:undefined:undefined":6,"s:40:2:42:Infinity":13,"s:41:4:41:Infinity":14,"s:44:2:44:Infinity":15,"f:48:16:48:27":2,"s:49:2:55:Infinity":16,"f:58:16:58:28":3,"b:59:2:59:Infinity:undefined:undefined:undefined:undefined":7,"s:59:2:59:Infinity":17,"s:59:19:59:Infinity":18,"s:60:12:60:Infinity":19,"s:61:16:61:Infinity":20,"s:62:12:62:Infinity":21,"s:63:2:63:Infinity":22}}}
}
